[debug] [2022-09-24T14:06:45.453Z] ----------------------------------------------------------------------
[debug] [2022-09-24T14:06:45.455Z] Command:       C:\Program Files\nodejs\node.exe C:\Users\ASUS\AppData\Roaming\npm\node_modules\firebase-tools\lib\bin\firebase.js init
[debug] [2022-09-24T14:06:45.456Z] CLI Version:   11.10.0
[debug] [2022-09-24T14:06:45.456Z] Platform:      win32
[debug] [2022-09-24T14:06:45.456Z] Node Version:  v16.13.1
[debug] [2022-09-24T14:06:45.460Z] Time:          Sat Sep 24 2022 20:06:45 GMT+0600 (Bangladesh Standard Time)
[debug] [2022-09-24T14:06:45.461Z] ----------------------------------------------------------------------
[debug] 
[debug] [2022-09-24T14:06:45.559Z] > command requires scopes: ["email","openid","https://www.googleapis.com/auth/cloudplatformprojects.readonly","https://www.googleapis.com/auth/firebase","https://www.googleapis.com/auth/cloud-platform"]
[debug] [2022-09-24T14:06:45.560Z] > authorizing via signed-in user (utshochaki3855@gmail.com)
[info] 
     ######## #### ########  ######## ########     ###     ######  ########
     ##        ##  ##     ## ##       ##     ##  ##   ##  ##       ##
     ######    ##  ########  ######   ########  #########  ######  ######
     ##        ##  ##    ##  ##       ##     ## ##     ##       ## ##
     ##       #### ##     ## ######## ########  ##     ##  ######  ########

You're about to initialize a Firebase project in this directory:

  D:\Job Assignments\react-firebase-firestore

Before we get started, keep in mind:

  * You are initializing within an existing Firebase project directory

